-------------------------------------------------------------------------------
Test set: Cucumberoptions.TestRunner
-------------------------------------------------------------------------------
Tests run: 1, Failures: 0, Errors: 1, Skipped: 0, Time elapsed: 0.605 s <<< FAILURE! -- in Cucumberoptions.TestRunner
Vailding Place Api's.verify if place is being Succesfully added using AddPlaceApi -- Time elapsed: 0.126 s <<< ERROR!
io.cucumber.java.PendingException: TODO: implement me
	at stepDefination.stepdefination.add_place_payload(stepdefination.java:12)
	at âœ½.Add Place Payload(file:///C:/Users/USER/eclipse-workspace/restAssuredApii/RstApiFramework/src/test/java/feature/productvaildation.feature:4)

