<?xml version="1.0" encoding="UTF-8"?>
<testsuite xmlns:xsi="http://www.w3.org/2001/XMLSchema-instance" xsi:noNamespaceSchemaLocation="https://maven.apache.org/surefire/maven-surefire-plugin/xsd/surefire-test-report-3.0.xsd" version="3.0" name="Cucumberoptions.TestRunner" time="0.605" tests="1" errors="1" skipped="0" failures="0">
  <properties>
[...]
</properties>
  <testcase name="verify if place is being Succesfully added using AddPlaceApi" classname="Vailding Place Api&apos;s" time="0.126">
    <error message="TODO: implement me" type="io.cucumber.java.PendingException"><![CDATA[io.cucumber.java.PendingException: TODO: implement me
	at stepDefination.stepdefination.add_place_payload(stepdefination.java:12)
	at ✽.Add Place Payload(file:///C:/Users/USER/eclipse-workspace/restAssuredApii/RstApiFramework/src/test/java/feature/productvaildation.feature:4)
]]></error>
  </testcase>
</testsuite>